2026-04-28 00:18:59,490 - __main__ - INFO - ============================================================
2026-04-28 00:18:59,490 - __main__ - INFO - Stage 1: Data Processing
2026-04-28 00:18:59,490 - __main__ - INFO - ============================================================
2026-04-28 00:18:59,490 - src.data_processing - INFO - Step 0: Load raw data
2026-04-28 00:19:00,257 - src.data_processing - INFO - Step 1: Remove invalid date rows
2026-04-28 00:19:00,716 - src.data_processing - INFO - Step 2: Clamp negative RSV
2026-04-28 00:19:00,905 - src.data_processing - INFO - Step 3: Deduplicate daily
2026-04-28 00:19:04,047 - src.data_processing - INFO - Step 4: Aggregate monthly
2026-04-28 00:19:05,007 - src.data_processing - INFO - Step 5: Check missing months
2026-04-28 00:19:10,971 - src.data_processing - INFO - Step 5.1: Drop high missing-rate pairs
2026-04-28 00:19:11,075 - src.data_processing - INFO - Step 6: Fill missing months
2026-04-28 00:19:32,745 - __main__ - INFO - Saved processed data: output/monthly_aggregated_filled.parquet
2026-04-28 00:19:40,409 - __main__ - INFO - Saved enriched data: output/monthly_aggregated_sales_16features.parquet
2026-04-28 00:22:48,602 - __main__ - INFO - Saved holiday data: output/monthly_aggregated_sales_16features_with_holidays.parquet
2026-04-28 00:22:48,607 - __main__ - INFO - ============================================================
2026-04-28 00:22:48,607 - __main__ - INFO - Stage 2: Clustering
2026-04-28 00:22:48,607 - __main__ - INFO - ============================================================
2026-04-28 00:22:48,607 - src.clustering - INFO - Evaluating time spans...
2026-04-28 00:22:49,589 - src.clustering - INFO - Total combos: 9288, Long: 7582, Short: 1706
2026-04-28 00:22:50,373 - src.clustering - INFO - Extracting STL features for long-term series...
2026-04-28 00:23:21,010 - src.clustering - INFO - Cluster distribution:
predictability_level
low       3791
medium    2274
high      1517
Name: count, dtype: int64
2026-04-28 00:23:21,010 - src.clustering - INFO - Thresholds: low/medium=50.83, medium/high=71.42
2026-04-28 00:23:21,116 - __main__ - INFO - Saved clusters: output/weighted_score_clusters.csv
2026-04-28 00:23:22,395 - __main__ - INFO - Saved predict data: output/monthly_aggregated_sales_16features_with_holidays_predict.parquet
2026-04-28 00:23:23,702 - __main__ - INFO - ============================================================
2026-04-28 00:23:23,702 - __main__ - INFO - Stage 3: Model Training
2026-04-28 00:23:23,702 - __main__ - INFO - ============================================================
2026-04-28 00:23:24,791 - __main__ - INFO - ========== Group: high ==========
2026-04-28 00:23:25,563 - __main__ - INFO - Features: 32
2026-04-28 00:23:26,129 - src.evaluation - INFO - Baseline: mean=53.23%, seasonal_naive=52.11%, best=52.11%
2026-04-28 00:23:26,129 - __main__ - INFO - [RandomForest] Tuning on strict train/val...
2026-04-28 00:25:19,524 - __main__ - INFO - [RandomForest] Best val WAPE=31.19%, params={'n_estimators': 250, 'max_depth': 20, 'min_samples_split': 15, 'min_samples_leaf': 6, 'max_features': 0.40921304830970556}
2026-04-28 00:25:23,413 - __main__ - INFO - [RandomForest] Test WAPE=25.06%
2026-04-28 00:25:23,990 - src.visualization - INFO - Saved plot: output\feature_importance_high_RandomForest.png
2026-04-28 00:25:23,990 - __main__ - INFO - [GBDT] Tuning on strict train/val...
2026-04-28 00:44:52,965 - __main__ - INFO - [GBDT] Best val WAPE=30.48%, params={'n_estimators': 200, 'learning_rate': 0.030169047314293325, 'max_depth': 6, 'min_samples_split': 7, 'min_samples_leaf': 4, 'subsample': 0.6937192817568227}
2026-04-28 00:45:28,174 - __main__ - INFO - [GBDT] Test WAPE=25.47%
2026-04-28 00:45:28,573 - src.visualization - INFO - Saved plot: output\feature_importance_high_GBDT.png
2026-04-28 00:45:28,573 - __main__ - INFO - [LightGBM] Tuning on strict train/val...
2026-04-28 00:45:52,944 - __main__ - INFO - [LightGBM] Best val WAPE=30.23%, params={'n_estimators': 550, 'learning_rate': 0.031855409447490074, 'num_leaves': 57, 'max_depth': 5, 'min_child_samples': 42, 'subsample': 0.9405035391226781, 'colsample_bytree': 0.6823243058844256, 'reg_alpha': 3.424331625309099e-07, 'reg_lambda': 0.00026156082346816414, 'min_split_gain': 0.11768326154018607}
2026-04-28 00:45:53,468 - __main__ - INFO - [LightGBM] Test WAPE=25.49%
2026-04-28 00:45:53,770 - src.visualization - INFO - Saved plot: output\feature_importance_high_LightGBM.png
2026-04-28 00:45:53,770 - __main__ - INFO - [XGBoost] Tuning on strict train/val...
2026-04-28 00:46:18,340 - __main__ - INFO - [XGBoost] Best val WAPE=29.88%, params={'n_estimators': 250, 'learning_rate': 0.049166125935439384, 'max_depth': 6, 'min_child_weight': 1, 'subsample': 0.9051737874718867, 'colsample_bytree': 0.6916748599962715, 'gamma': 0.27939929152165716, 'reg_alpha': 0.00011497396497841208, 'reg_lambda': 2.1284774565415389e-07}
2026-04-28 00:46:18,752 - __main__ - INFO - [XGBoost] Test WAPE=25.88%
2026-04-28 00:46:19,095 - src.visualization - INFO - Saved plot: output\feature_importance_high_XGBoost.png
2026-04-28 00:46:19,231 - __main__ - INFO - [Ridge] Test WAPE=29.34%
2026-04-28 00:46:19,337 - prophet.plot - ERROR - Importing plotly failed. Interactive plots will not work.
2026-04-28 00:46:19,502 - prophet - INFO - n_changepoints greater than number of observations. Using 21.
2026-04-28 00:46:19,510 - cmdstanpy - INFO - Chain [1] start processing
2026-04-28 00:46:19,599 - cmdstanpy - INFO - Chain [1] done processing
2026-04-28 00:46:20,358 - prophet - INFO - n_changepoints greater than number of observations. Using 21.
2026-04-28 00:46:20,361 - cmdstanpy - INFO - Chain [1] start processing
2026-04-28 00:46:20,451 - cmdstanpy - INFO - Chain [1] done processing
2026-04-28 00:46:20,568 - prophet - INFO - n_changepoints greater than number of observations. Using 23.
2026-04-28 00:46:20,571 - cmdstanpy - INFO - Chain [1] start processing
2026-04-28 00:46:20,678 - cmdstanpy - INFO - Chain [1] done processing
2026-04-28 00:46:20,770 - cmdstanpy - INFO - Chain [1] start processing
2026-04-28 00:46:20,982 - cmdstanpy - INFO - Chain [1] done processing
2026-04-28 00:46:21,119 - cmdstanpy - INFO - Chain [1] start processing
2026-04-28 00:46:21,287 - cmdstanpy - INFO - Chain [1] done processing
2026-04-28 00:46:21,423 - cmdstanpy - INFO - Chain [1] start processing
2026-04-28 00:46:21,575 - cmdstanpy - INFO - Chain [1] done processing
2026-04-28 00:46:21,660 - prophet - INFO - n_changepoints greater than number of observations. Using 23.
2026-04-28 00:46:21,666 - cmdstanpy - INFO - Chain [1] start processing
2026-04-28 00:46:21,742 - cmdstanpy - INFO - Chain [1] done processing
2026-04-28 00:46:21,849 - prophet - INFO - n_changepoints greater than number of observations. Using 16.
2026-04-28 00:46:21,856 - cmdstanpy - INFO - Chain [1] start processing
2026-04-28 00:46:21,910 - cmdstanpy - INFO - Chain [1] done processing
2026-04-28 00:46:22,017 - prophet - INFO - n_changepoints greater than number of observations. Using 23.
2026-04-28 00:46:22,017 - cmdstanpy - INFO - Chain [1] start processing
2026-04-28 00:46:22,139 - cmdstanpy - INFO - Chain [1] done processing
2026-04-28 00:46:22,215 - cmdstanpy - INFO - Chain [1] start processing
2026-04-28 00:46:22,355 - cmdstanpy - INFO - Chain [1] done processing
2026-04-28 00:46:22,462 - cmdstanpy - INFO - Chain [1] start processing
2026-04-28 00:46:22,596 - cmdstanpy - INFO - Chain [1] done processing
2026-04-28 00:46:22,687 - prophet - INFO - n_changepoints greater than number of observations. Using 23.
2026-04-28 00:46:22,692 - cmdstanpy - INFO - Chain [1] start processing
2026-04-28 00:46:22,770 - cmdstanpy - INFO - Chain [1] done processing
2026-04-28 00:46:22,849 - prophet - INFO - n_changepoints greater than number of observations. Using 19.
2026-04-28 00:46:22,850 - cmdstanpy - INFO - Chain [1] start processing
2026-04-28 00:46:22,929 - cmdstanpy - INFO - Chain [1] done processing
2026-04-28 00:46:23,021 - prophet - INFO - n_changepoints greater than number of observations. Using 16.
2026-04-28 00:46:23,031 - cmdstanpy - INFO - Chain [1] start processing
2026-04-28 00:46:29,786 - cmdstanpy - INFO - Chain [1] done processing
2026-04-28 00:46:29,892 - prophet - INFO - n_changepoints greater than number of observations. Using 17.
2026-04-28 00:46:29,892 - cmdstanpy - INFO - Chain [1] start processing
2026-04-28 00:46:29,977 - cmdstanpy - INFO - Chain [1] done processing
2026-04-28 00:46:30,089 - cmdstanpy - INFO - Chain [1] start processing
2026-04-28 00:46:30,240 - cmdstanpy - INFO - Chain [1] done processing
2026-04-28 00:46:30,335 - prophet - INFO - n_changepoints greater than number of observations. Using 18.
2026-04-28 00:46:30,337 - cmdstanpy - INFO - Chain [1] start processing
2026-04-28 00:46:30,454 - cmdstanpy - INFO - Chain [1] done processing
2026-04-28 00:46:30,549 - cmdstanpy - INFO - Chain [1] start processing
2026-04-28 00:46:30,651 - cmdstanpy - INFO - Chain [1] done processing
2026-04-28 00:46:30,741 - cmdstanpy - INFO - Chain [1] start processing
2026-04-28 00:46:30,910 - cmdstanpy - INFO - Chain [1] done processing
2026-04-28 00:46:31,017 - cmdstanpy - INFO - Chain [1] start processing
2026-04-28 00:46:31,169 - cmdstanpy - INFO - Chain [1] done processing
2026-04-28 00:46:31,246 - prophet - INFO - n_changepoints greater than number of observations. Using 18.
2026-04-28 00:46:31,261 - cmdstanpy - INFO - Chain [1] start processing
2026-04-28 00:46:31,322 - cmdstanpy - INFO - Chain [1] done processing
2026-04-28 00:46:31,429 - cmdstanpy - INFO - Chain [1] start processing
2026-04-28 00:46:31,597 - cmdstanpy - INFO - Chain [1] done processing
2026-04-28 00:46:31,704 - prophet - INFO - n_changepoints greater than number of observations. Using 16.
2026-04-28 00:46:31,719 - cmdstanpy - INFO - Chain [1] start processing
2026-04-28 00:46:36,920 - cmdstanpy - INFO - Chain [1] done processing
2026-04-28 00:46:37,010 - prophet - INFO - n_changepoints greater than number of observations. Using 15.
2026-04-28 00:46:37,010 - cmdstanpy - INFO - Chain [1] start processing
2026-04-28 00:46:43,624 - cmdstanpy - INFO - Chain [1] done processing
2026-04-28 00:46:43,688 - prophet - INFO - n_changepoints greater than number of observations. Using 15.
2026-04-28 00:46:43,691 - cmdstanpy - INFO - Chain [1] start processing
2026-04-28 00:46:50,276 - cmdstanpy - INFO - Chain [1] done processing
2026-04-28 00:46:50,348 - prophet - INFO - n_changepoints greater than number of observations. Using 14.
2026-04-28 00:46:50,351 - cmdstanpy - INFO - Chain [1] start processing
2026-04-28 00:46:52,672 - cmdstanpy - INFO - Chain [1] done processing
2026-04-28 00:46:52,742 - prophet - INFO - n_changepoints greater than number of observations. Using 19.
2026-04-28 00:46:52,748 - cmdstanpy - INFO - Chain [1] start processing
2026-04-28 00:46:52,825 - cmdstanpy - INFO - Chain [1] done processing
2026-04-28 00:46:52,911 - prophet - INFO - n_changepoints greater than number of observations. Using 23.
2026-04-28 00:46:52,911 - cmdstanpy - INFO - Chain [1] start processing
2026-04-28 00:46:53,031 - cmdstanpy - INFO - Chain [1] done processing
2026-04-28 00:46:53,106 - cmdstanpy - INFO - Chain [1] start processing
2026-04-28 00:46:53,273 - cmdstanpy - INFO - Chain [1] done processing
2026-04-28 00:46:53,340 - prophet - INFO - n_changepoints greater than number of observations. Using 14.
2026-04-28 00:46:53,340 - cmdstanpy - INFO - Chain [1] start processing
2026-04-28 00:46:53,488 - cmdstanpy - INFO - Chain [1] done processing
2026-04-28 00:46:53,556 - prophet - INFO - n_changepoints greater than number of observations. Using 19.
2026-04-28 00:46:53,561 - cmdstanpy - INFO - Chain [1] start processing
2026-04-28 00:46:53,638 - cmdstanpy - INFO - Chain [1] done processing
2026-04-28 00:46:53,715 - prophet - INFO - n_changepoints greater than number of observations. Using 15.
2026-04-28 00:46:53,721 - cmdstanpy - INFO - Chain [1] start processing
2026-04-28 00:47:01,296 - cmdstanpy - INFO - Chain [1] done processing
2026-04-28 00:47:01,449 - cmdstanpy - INFO - Chain [1] start processing
2026-04-28 00:47:01,609 - cmdstanpy - INFO - Chain [1] done processing
2026-04-28 00:47:01,740 - prophet - INFO - n_changepoints greater than number of observations. Using 21.
2026-04-28 00:47:01,747 - cmdstanpy - INFO - Chain [1] start processing
2026-04-28 00:47:01,858 - cmdstanpy - INFO - Chain [1] done processing
2026-04-28 00:47:01,982 - prophet - INFO - n_changepoints greater than number of observations. Using 18.
2026-04-28 00:47:01,989 - cmdstanpy - INFO - Chain [1] start processing
2026-04-28 00:47:02,083 - cmdstanpy - INFO - Chain [1] done processing
2026-04-28 00:47:02,184 - prophet - INFO - n_changepoints greater than number of observations. Using 15.
2026-04-28 00:47:02,190 - cmdstanpy - INFO - Chain [1] start processing
2026-04-28 00:47:02,394 - cmdstanpy - INFO - Chain [1] done processing
2026-04-28 00:47:02,515 - prophet - INFO - n_changepoints greater than number of observations. Using 15.
2026-04-28 00:47:02,525 - cmdstanpy - INFO - Chain [1] start processing
2026-04-28 00:47:09,374 - cmdstanpy - INFO - Chain [1] done processing
2026-04-28 00:47:09,487 - prophet - INFO - n_changepoints greater than number of observations. Using 18.
2026-04-28 00:47:09,487 - cmdstanpy - INFO - Chain [1] start processing
2026-04-28 00:47:09,548 - cmdstanpy - INFO - Chain [1] done processing
2026-04-28 00:47:09,639 - prophet - INFO - n_changepoints greater than number of observations. Using 18.
2026-04-28 00:47:09,649 - cmdstanpy - INFO - Chain [1] start processing
2026-04-28 00:47:17,116 - cmdstanpy - INFO - Chain [1] done processing
2026-04-28 00:47:17,186 - prophet - INFO - n_changepoints greater than number of observations. Using 21.
2026-04-28 00:47:17,193 - cmdstanpy - INFO - Chain [1] start processing
2026-04-28 00:47:17,277 - cmdstanpy - INFO - Chain [1] done processing
2026-04-28 00:47:17,350 - prophet - INFO - n_changepoints greater than number of observations. Using 14.
2026-04-28 00:47:17,361 - cmdstanpy - INFO - Chain [1] start processing
2026-04-28 00:47:23,720 - cmdstanpy - INFO - Chain [1] done processing
2026-04-28 00:47:23,803 - prophet - INFO - n_changepoints greater than number of observations. Using 20.
2026-04-28 00:47:23,806 - cmdstanpy - INFO - Chain [1] start processing
2026-04-28 00:47:23,879 - cmdstanpy - INFO - Chain [1] done processing
2026-04-28 00:47:23,966 - cmdstanpy - INFO - Chain [1] start processing
2026-04-28 00:47:24,112 - cmdstanpy - INFO - Chain [1] done processing
2026-04-28 00:47:24,195 - prophet - INFO - n_changepoints greater than number of observations. Using 19.
2026-04-28 00:47:24,198 - cmdstanpy - INFO - Chain [1] start processing
2026-04-28 00:47:24,287 - cmdstanpy - INFO - Chain [1] done processing
2026-04-28 00:47:24,354 - prophet - INFO - n_changepoints greater than number of observations. Using 14.
2026-04-28 00:47:24,363 - cmdstanpy - INFO - Chain [1] start processing
2026-04-28 00:47:30,736 - cmdstanpy - INFO - Chain [1] done processing
2026-04-28 00:47:30,806 - prophet - INFO - n_changepoints greater than number of observations. Using 18.
2026-04-28 00:47:30,806 - cmdstanpy - INFO - Chain [1] start processing
2026-04-28 00:47:30,902 - cmdstanpy - INFO - Chain [1] done processing
2026-04-28 00:47:30,965 - prophet - INFO - n_changepoints greater than number of observations. Using 15.
2026-04-28 00:47:30,977 - cmdstanpy - INFO - Chain [1] start processing
2026-04-28 00:47:37,415 - cmdstanpy - INFO - Chain [1] done processing
2026-04-28 00:47:37,486 - cmdstanpy - INFO - Chain [1] start processing
2026-04-28 00:47:37,578 - cmdstanpy - INFO - Chain [1] done processing
2026-04-28 00:47:37,645 - prophet - INFO - n_changepoints greater than number of observations. Using 23.
2026-04-28 00:47:37,653 - cmdstanpy - INFO - Chain [1] start processing
2026-04-28 00:47:37,745 - cmdstanpy - INFO - Chain [1] done processing
2026-04-28 00:47:37,820 - prophet - INFO - n_changepoints greater than number of observations. Using 24.
2026-04-28 00:47:37,820 - cmdstanpy - INFO - Chain [1] start processing
2026-04-28 00:47:37,977 - cmdstanpy - INFO - Chain [1] done processing
2026-04-28 00:47:37,999 - __main__ - INFO - [Prophet] Test WAPE=61.93%
2026-04-28 00:47:38,274 - src.models.dl_models - INFO - Training LSTM (seq_length=12)
2026-04-28 00:47:39,795 - src.models.dl_models - INFO - Samples: Train=33,255, Test=1,338
2026-04-28 00:47:39,952 - src.models.dl_models - INFO - Using device: cuda
2026-04-28 00:47:40,046 - src.models.dl_models - INFO - Model parameters: 847,617
2026-04-28 00:47:59,117 - src.models.dl_models - INFO - DL early stop at epoch 16, best val loss 1.335808
2026-04-28 00:47:59,157 - src.models.dl_models - INFO - LSTM Test MAPE=441.28% WAPE=70.25%
2026-04-28 00:47:59,157 - __main__ - INFO - [LSTM] Test WAPE=70.25%
2026-04-28 00:47:59,183 - src.models.dl_models - INFO - Training TRANSFORMER (seq_length=12)
2026-04-28 00:48:00,578 - src.models.dl_models - INFO - Samples: Train=33,255, Test=1,338
2026-04-28 00:48:00,703 - src.models.dl_models - INFO - Using device: cuda
2026-04-28 00:48:00,782 - src.models.dl_models - INFO - Model parameters: 276,481
2026-04-28 00:48:13,161 - src.models.dl_models - INFO - DL early stop at epoch 16, best val loss 1.264141
2026-04-28 00:48:13,177 - src.models.dl_models - INFO - TRANSFORMER Test MAPE=121.11% WAPE=66.62%
2026-04-28 00:48:13,181 - __main__ - INFO - [Transformer] Test WAPE=66.62%
2026-04-28 00:48:13,182 - src.models.ensemble - INFO - Fusion results: avg=25.16%, weighted=28.37%, median=25.20%, trimmed=25.10%
2026-04-28 00:48:13,185 - __main__ - INFO - Saved results: output\results_high.csv
2026-04-28 00:48:13,441 - src.visualization - INFO - Saved plot: output\model_comparison_high.png
2026-04-28 00:48:13,465 - __main__ - INFO - 
HIGH Group Results:
2026-04-28 00:48:13,469 - __main__ - INFO -   mape  wape      rmse       mae   r2             model  improvement_vs_baseline
 79.21 25.06 155967.13  98528.05 0.84      RandomForest                    51.91
 25.10 25.10       NaN       NaN  NaN  Ensemble_Trimmed                    51.83
 25.16 25.16       NaN       NaN  NaN      Ensemble_Avg                    51.72
 25.20 25.20       NaN       NaN  NaN   Ensemble_Median                    51.64
119.05 25.47 156718.95 100145.60 0.84              GBDT                    51.12
116.76 25.49 157157.02 100197.24 0.84          LightGBM                    51.09
114.70 25.88 158222.25 101753.13 0.83           XGBoost                    50.33
 28.37 28.37       NaN       NaN  NaN Ensemble_Weighted                    45.55
 90.64 29.34 177657.39 115341.34 0.79             Ridge                    43.70
 61.93 61.93       NaN       NaN  NaN           Prophet                   -18.83
 66.62 66.62       NaN       NaN  NaN       Transformer                   -27.85
 70.25 70.25       NaN       NaN  NaN              LSTM                   -34.82
2026-04-28 00:48:15,775 - __main__ - INFO - ========== Group: medium ==========
2026-04-28 00:48:17,167 - __main__ - INFO - Features: 32
2026-04-28 00:48:18,108 - src.evaluation - INFO - Baseline: mean=85.23%, seasonal_naive=72.82%, best=72.82%
2026-04-28 00:48:18,108 - __main__ - INFO - [RandomForest] Tuning on strict train/val...
2026-04-28 00:53:13,230 - __main__ - INFO - [RandomForest] Best val WAPE=45.12%, params={'n_estimators': 200, 'max_depth': 14, 'min_samples_split': 13, 'min_samples_leaf': 10, 'max_features': 0.315055717640765}
2026-04-28 00:53:19,143 - __main__ - INFO - [RandomForest] Test WAPE=30.58%
2026-04-28 00:53:19,415 - src.visualization - INFO - Saved plot: output\feature_importance_medium_RandomForest.png
2026-04-28 00:53:19,415 - __main__ - INFO - [GBDT] Tuning on strict train/val...
2026-04-28 11:37:49,331 - __main__ - INFO - ============================================================
2026-04-28 11:37:49,332 - __main__ - INFO - Stage 1: Data Processing
2026-04-28 11:37:49,332 - __main__ - INFO - ============================================================
2026-04-28 11:37:49,332 - src.data_processing - INFO - Step 0: Load raw data
2026-04-28 11:37:50,352 - src.data_processing - INFO - Step 1: Remove invalid date rows
2026-04-28 11:37:50,875 - src.data_processing - INFO - Step 2: Clamp negative RSV
2026-04-28 11:37:51,147 - src.data_processing - INFO - Step 3: Deduplicate daily
2026-04-28 11:37:54,360 - src.data_processing - INFO - Step 4: Aggregate monthly
2026-04-28 11:37:55,408 - src.data_processing - INFO - Step 5: Check missing months
2026-04-28 11:38:15,495 - src.data_processing - INFO - Step 5.1: Drop high missing-rate pairs
2026-04-28 11:38:15,654 - src.data_processing - INFO - Step 6: Fill missing months
2026-04-28 11:39:12,762 - __main__ - INFO - Saved processed data: output/monthly_aggregated_filled.parquet
2026-04-28 11:39:23,386 - __main__ - INFO - Saved enriched data: output/monthly_aggregated_sales_16features.parquet
2026-04-28 11:49:39,164 - __main__ - INFO - Saved holiday data: output/monthly_aggregated_sales_16features_with_holidays.parquet
2026-04-28 11:49:39,170 - __main__ - INFO - ============================================================
2026-04-28 11:49:39,175 - __main__ - INFO - Stage 2: Clustering
2026-04-28 11:49:39,175 - __main__ - INFO - ============================================================
2026-04-28 11:49:39,180 - src.clustering - INFO - Evaluating time spans...
2026-04-28 11:49:43,568 - src.clustering - INFO - Total combos: 9288, Long: 7582, Short: 1706
2026-04-28 11:49:44,574 - src.clustering - INFO - Extracting STL features for long-term series...
2026-04-28 11:50:44,435 - src.clustering - INFO - Cluster distribution:
predictability_level
low       3791
medium    2274
high      1517
Name: count, dtype: int64
2026-04-28 11:50:44,437 - src.clustering - INFO - Thresholds: low/medium=50.83, medium/high=71.42
2026-04-28 11:50:44,679 - __main__ - INFO - Saved clusters: output/weighted_score_clusters.csv
2026-04-28 11:50:47,635 - __main__ - INFO - Saved predict data: output/monthly_aggregated_sales_16features_with_holidays_predict.parquet
2026-04-28 11:50:50,483 - __main__ - INFO - ============================================================
2026-04-28 11:50:50,483 - __main__ - INFO - Stage 3: Model Training
2026-04-28 11:50:50,483 - __main__ - INFO - ============================================================
2026-04-28 11:50:53,882 - __main__ - INFO - ========== Group: high ==========
2026-04-28 11:50:56,198 - __main__ - INFO - Features: 32
2026-04-28 11:50:58,154 - src.evaluation - INFO - Baseline: mean=53.23%, seasonal_naive=52.11%, best=52.11%
2026-04-28 11:50:58,154 - __main__ - INFO - [RandomForest] Tuning on strict train/val...
2026-04-28 11:53:01,780 - __main__ - INFO - [RandomForest] Best val WAPE=31.19%, params={'n_estimators': 250, 'max_depth': 20, 'min_samples_split': 15, 'min_samples_leaf': 6, 'max_features': 0.40921304830970556}
2026-04-28 11:53:05,938 - __main__ - INFO - [RandomForest] Test WAPE=25.06%
2026-04-28 11:53:07,628 - src.visualization - INFO - Saved plot: output\feature_importance_high_RandomForest.png
2026-04-28 11:53:07,628 - __main__ - INFO - [GBDT] Tuning on strict train/val...
2026-04-28 12:21:55,617 - __main__ - INFO - [GBDT] Best val WAPE=30.48%, params={'n_estimators': 200, 'learning_rate': 0.030169047314293325, 'max_depth': 6, 'min_samples_split': 7, 'min_samples_leaf': 4, 'subsample': 0.6937192817568227}
2026-04-28 12:22:37,744 - __main__ - INFO - [GBDT] Test WAPE=25.47%
2026-04-28 12:22:38,152 - src.visualization - INFO - Saved plot: output\feature_importance_high_GBDT.png
2026-04-28 12:22:38,165 - __main__ - INFO - [LightGBM] Tuning on strict train/val...
2026-04-28 12:22:58,988 - __main__ - INFO - [LightGBM] Best val WAPE=30.23%, params={'n_estimators': 550, 'learning_rate': 0.031855409447490074, 'num_leaves': 57, 'max_depth': 5, 'min_child_samples': 42, 'subsample': 0.9405035391226781, 'colsample_bytree': 0.6823243058844256, 'reg_alpha': 3.424331625309099e-07, 'reg_lambda': 0.00026156082346816414, 'min_split_gain': 0.11768326154018607}
2026-04-28 12:22:59,564 - __main__ - INFO - [LightGBM] Test WAPE=25.49%
2026-04-28 12:23:00,026 - src.visualization - INFO - Saved plot: output\feature_importance_high_LightGBM.png
2026-04-28 12:23:00,028 - __main__ - INFO - [XGBoost] Tuning on strict train/val...
2026-04-28 12:23:30,723 - __main__ - INFO - [XGBoost] Best val WAPE=29.88%, params={'n_estimators': 250, 'learning_rate': 0.049166125935439384, 'max_depth': 6, 'min_child_weight': 1, 'subsample': 0.9051737874718867, 'colsample_bytree': 0.6916748599962715, 'gamma': 0.27939929152165716, 'reg_alpha': 0.00011497396497841208, 'reg_lambda': 2.1284774565415389e-07}
2026-04-28 12:23:31,207 - __main__ - INFO - [XGBoost] Test WAPE=25.88%
2026-04-28 12:23:31,525 - src.visualization - INFO - Saved plot: output\feature_importance_high_XGBoost.png
2026-04-28 12:23:31,662 - __main__ - INFO - [Ridge] Test WAPE=29.34%
2026-04-28 12:23:31,733 - prophet.plot - ERROR - Importing plotly failed. Interactive plots will not work.
2026-04-28 12:23:31,870 - prophet - INFO - n_changepoints greater than number of observations. Using 21.
2026-04-28 12:23:31,882 - cmdstanpy - INFO - Chain [1] start processing
2026-04-28 12:23:32,135 - cmdstanpy - INFO - Chain [1] done processing
2026-04-28 12:23:32,636 - prophet - INFO - n_changepoints greater than number of observations. Using 21.
2026-04-28 12:23:32,652 - cmdstanpy - INFO - Chain [1] start processing
2026-04-28 12:23:32,743 - cmdstanpy - INFO - Chain [1] done processing
2026-04-28 12:23:32,832 - prophet - INFO - n_changepoints greater than number of observations. Using 23.
2026-04-28 12:23:32,847 - cmdstanpy - INFO - Chain [1] start processing
2026-04-28 12:23:32,968 - cmdstanpy - INFO - Chain [1] done processing
2026-04-28 12:23:33,071 - cmdstanpy - INFO - Chain [1] start processing
2026-04-28 12:23:33,278 - cmdstanpy - INFO - Chain [1] done processing
2026-04-28 12:23:33,379 - cmdstanpy - INFO - Chain [1] start processing
2026-04-28 12:23:33,545 - cmdstanpy - INFO - Chain [1] done processing
2026-04-28 12:23:33,642 - cmdstanpy - INFO - Chain [1] start processing
2026-04-28 12:23:33,799 - cmdstanpy - INFO - Chain [1] done processing
2026-04-28 12:23:33,896 - prophet - INFO - n_changepoints greater than number of observations. Using 23.
2026-04-28 12:23:33,896 - cmdstanpy - INFO - Chain [1] start processing
2026-04-28 12:23:33,997 - cmdstanpy - INFO - Chain [1] done processing
2026-04-28 12:23:34,093 - prophet - INFO - n_changepoints greater than number of observations. Using 16.
2026-04-28 12:23:34,099 - cmdstanpy - INFO - Chain [1] start processing
2026-04-28 12:23:34,145 - cmdstanpy - INFO - Chain [1] done processing
2026-04-28 12:23:34,256 - prophet - INFO - n_changepoints greater than number of observations. Using 23.
2026-04-28 12:23:34,262 - cmdstanpy - INFO - Chain [1] start processing
2026-04-28 12:23:34,372 - cmdstanpy - INFO - Chain [1] done processing
2026-04-28 12:23:34,478 - cmdstanpy - INFO - Chain [1] start processing
2026-04-28 12:23:34,619 - cmdstanpy - INFO - Chain [1] done processing
2026-04-28 12:23:34,721 - cmdstanpy - INFO - Chain [1] start processing
2026-04-28 12:23:34,856 - cmdstanpy - INFO - Chain [1] done processing
2026-04-28 12:23:34,960 - prophet - INFO - n_changepoints greater than number of observations. Using 23.
2026-04-28 12:23:34,968 - cmdstanpy - INFO - Chain [1] start processing
2026-04-28 12:23:35,049 - cmdstanpy - INFO - Chain [1] done processing
2026-04-28 12:23:35,132 - prophet - INFO - n_changepoints greater than number of observations. Using 19.
2026-04-28 12:23:35,148 - cmdstanpy - INFO - Chain [1] start processing
2026-04-28 12:23:35,227 - cmdstanpy - INFO - Chain [1] done processing
2026-04-28 12:23:35,331 - prophet - INFO - n_changepoints greater than number of observations. Using 16.
2026-04-28 12:23:35,338 - cmdstanpy - INFO - Chain [1] start processing
2026-04-28 12:23:42,238 - cmdstanpy - INFO - Chain [1] done processing
2026-04-28 12:23:42,388 - prophet - INFO - n_changepoints greater than number of observations. Using 17.
2026-04-28 12:23:42,390 - cmdstanpy - INFO - Chain [1] start processing
2026-04-28 12:23:42,467 - cmdstanpy - INFO - Chain [1] done processing
2026-04-28 12:23:42,588 - cmdstanpy - INFO - Chain [1] start processing
2026-04-28 12:23:42,726 - cmdstanpy - INFO - Chain [1] done processing
2026-04-28 12:23:42,894 - prophet - INFO - n_changepoints greater than number of observations. Using 18.
2026-04-28 12:23:42,909 - cmdstanpy - INFO - Chain [1] start processing
2026-04-28 12:23:43,032 - cmdstanpy - INFO - Chain [1] done processing
2026-04-28 12:23:43,169 - cmdstanpy - INFO - Chain [1] start processing
2026-04-28 12:23:43,276 - cmdstanpy - INFO - Chain [1] done processing
2026-04-28 12:23:43,429 - cmdstanpy - INFO - Chain [1] start processing
2026-04-28 12:23:43,612 - cmdstanpy - INFO - Chain [1] done processing
2026-04-28 12:23:43,778 - cmdstanpy - INFO - Chain [1] start processing
2026-04-28 12:23:43,918 - cmdstanpy - INFO - Chain [1] done processing
2026-04-28 12:23:44,086 - prophet - INFO - n_changepoints greater than number of observations. Using 18.
2026-04-28 12:23:44,101 - cmdstanpy - INFO - Chain [1] start processing
2026-04-28 12:23:44,178 - cmdstanpy - INFO - Chain [1] done processing
2026-04-28 12:23:44,364 - cmdstanpy - INFO - Chain [1] start processing
2026-04-28 12:23:44,529 - cmdstanpy - INFO - Chain [1] done processing
2026-04-28 12:23:44,666 - prophet - INFO - n_changepoints greater than number of observations. Using 16.
2026-04-28 12:23:44,681 - cmdstanpy - INFO - Chain [1] start processing
2026-04-28 12:23:49,836 - cmdstanpy - INFO - Chain [1] done processing
2026-04-28 12:23:49,997 - prophet - INFO - n_changepoints greater than number of observations. Using 15.
2026-04-28 12:23:50,012 - cmdstanpy - INFO - Chain [1] start processing
2026-04-28 12:23:57,014 - cmdstanpy - INFO - Chain [1] done processing
2026-04-28 12:23:57,175 - prophet - INFO - n_changepoints greater than number of observations. Using 15.
2026-04-28 12:23:57,194 - cmdstanpy - INFO - Chain [1] start processing
2026-04-28 12:24:03,761 - cmdstanpy - INFO - Chain [1] done processing
2026-04-28 12:24:03,903 - prophet - INFO - n_changepoints greater than number of observations. Using 14.
2026-04-28 12:24:03,910 - cmdstanpy - INFO - Chain [1] start processing
2026-04-28 12:24:06,229 - cmdstanpy - INFO - Chain [1] done processing
2026-04-28 12:24:06,368 - prophet - INFO - n_changepoints greater than number of observations. Using 19.
2026-04-28 12:24:06,382 - cmdstanpy - INFO - Chain [1] start processing
2026-04-28 12:24:06,491 - cmdstanpy - INFO - Chain [1] done processing
2026-04-28 12:24:06,642 - prophet - INFO - n_changepoints greater than number of observations. Using 23.
2026-04-28 12:24:06,672 - cmdstanpy - INFO - Chain [1] start processing
2026-04-28 12:24:06,800 - cmdstanpy - INFO - Chain [1] done processing
2026-04-28 12:24:06,992 - cmdstanpy - INFO - Chain [1] start processing
2026-04-28 12:24:07,159 - cmdstanpy - INFO - Chain [1] done processing
2026-04-28 12:24:07,343 - prophet - INFO - n_changepoints greater than number of observations. Using 14.
2026-04-28 12:24:07,356 - cmdstanpy - INFO - Chain [1] start processing
2026-04-28 12:24:07,506 - cmdstanpy - INFO - Chain [1] done processing
2026-04-28 12:24:07,649 - prophet - INFO - n_changepoints greater than number of observations. Using 19.
2026-04-28 12:24:07,672 - cmdstanpy - INFO - Chain [1] start processing
2026-04-28 12:24:07,755 - cmdstanpy - INFO - Chain [1] done processing
2026-04-28 12:24:07,907 - prophet - INFO - n_changepoints greater than number of observations. Using 15.
2026-04-28 12:24:07,928 - cmdstanpy - INFO - Chain [1] start processing
2026-04-28 12:24:14,540 - cmdstanpy - INFO - Chain [1] done processing
2026-04-28 12:24:14,694 - cmdstanpy - INFO - Chain [1] start processing
2026-04-28 12:24:14,831 - cmdstanpy - INFO - Chain [1] done processing
2026-04-28 12:24:15,005 - prophet - INFO - n_changepoints greater than number of observations. Using 21.
2026-04-28 12:24:15,014 - cmdstanpy - INFO - Chain [1] start processing
2026-04-28 12:24:15,106 - cmdstanpy - INFO - Chain [1] done processing
2026-04-28 12:24:15,266 - prophet - INFO - n_changepoints greater than number of observations. Using 18.
2026-04-28 12:24:15,273 - cmdstanpy - INFO - Chain [1] start processing
2026-04-28 12:24:15,364 - cmdstanpy - INFO - Chain [1] done processing
2026-04-28 12:24:15,487 - prophet - INFO - n_changepoints greater than number of observations. Using 15.
2026-04-28 12:24:15,487 - cmdstanpy - INFO - Chain [1] start processing
2026-04-28 12:24:15,708 - cmdstanpy - INFO - Chain [1] done processing
2026-04-28 12:24:15,869 - prophet - INFO - n_changepoints greater than number of observations. Using 15.
2026-04-28 12:24:15,869 - cmdstanpy - INFO - Chain [1] start processing
2026-04-28 12:24:22,359 - cmdstanpy - INFO - Chain [1] done processing
2026-04-28 12:24:22,530 - prophet - INFO - n_changepoints greater than number of observations. Using 18.
2026-04-28 12:24:22,543 - cmdstanpy - INFO - Chain [1] start processing
2026-04-28 12:24:22,604 - cmdstanpy - INFO - Chain [1] done processing
2026-04-28 12:24:22,773 - prophet - INFO - n_changepoints greater than number of observations. Using 18.
2026-04-28 12:24:22,788 - cmdstanpy - INFO - Chain [1] start processing
2026-04-28 12:24:30,310 - cmdstanpy - INFO - Chain [1] done processing
2026-04-28 12:24:30,420 - prophet - INFO - n_changepoints greater than number of observations. Using 21.
2026-04-28 12:24:30,429 - cmdstanpy - INFO - Chain [1] start processing
2026-04-28 12:24:30,521 - cmdstanpy - INFO - Chain [1] done processing
2026-04-28 12:24:30,689 - prophet - INFO - n_changepoints greater than number of observations. Using 14.
2026-04-28 12:24:30,698 - cmdstanpy - INFO - Chain [1] start processing
2026-04-28 12:24:37,001 - cmdstanpy - INFO - Chain [1] done processing
2026-04-28 12:24:37,154 - prophet - INFO - n_changepoints greater than number of observations. Using 20.
2026-04-28 12:24:37,169 - cmdstanpy - INFO - Chain [1] start processing
2026-04-28 12:24:37,261 - cmdstanpy - INFO - Chain [1] done processing
2026-04-28 12:24:37,461 - cmdstanpy - INFO - Chain [1] start processing
2026-04-28 12:24:37,619 - cmdstanpy - INFO - Chain [1] done processing
2026-04-28 12:24:37,764 - prophet - INFO - n_changepoints greater than number of observations. Using 19.
2026-04-28 12:24:37,774 - cmdstanpy - INFO - Chain [1] start processing
2026-04-28 12:24:37,858 - cmdstanpy - INFO - Chain [1] done processing
2026-04-28 12:24:37,980 - prophet - INFO - n_changepoints greater than number of observations. Using 14.
2026-04-28 12:24:37,991 - cmdstanpy - INFO - Chain [1] start processing
2026-04-28 12:24:44,469 - cmdstanpy - INFO - Chain [1] done processing
2026-04-28 12:24:44,652 - prophet - INFO - n_changepoints greater than number of observations. Using 18.
2026-04-28 12:24:44,652 - cmdstanpy - INFO - Chain [1] start processing
2026-04-28 12:24:44,758 - cmdstanpy - INFO - Chain [1] done processing
2026-04-28 12:24:44,910 - prophet - INFO - n_changepoints greater than number of observations. Using 15.
2026-04-28 12:24:44,925 - cmdstanpy - INFO - Chain [1] start processing
2026-04-28 12:24:51,843 - cmdstanpy - INFO - Chain [1] done processing
2026-04-28 12:24:52,010 - cmdstanpy - INFO - Chain [1] start processing
2026-04-28 12:24:52,117 - cmdstanpy - INFO - Chain [1] done processing
2026-04-28 12:24:52,239 - prophet - INFO - n_changepoints greater than number of observations. Using 23.
2026-04-28 12:24:52,260 - cmdstanpy - INFO - Chain [1] start processing
2026-04-28 12:24:52,360 - cmdstanpy - INFO - Chain [1] done processing
2026-04-28 12:24:52,512 - prophet - INFO - n_changepoints greater than number of observations. Using 24.
2026-04-28 12:24:52,533 - cmdstanpy - INFO - Chain [1] start processing
2026-04-28 12:24:52,683 - cmdstanpy - INFO - Chain [1] done processing
2026-04-28 12:24:52,726 - __main__ - INFO - [Prophet] Test WAPE=61.93%
2026-04-28 12:24:52,801 - src.models.dl_models - INFO - Training LSTM (seq_length=12)
2026-04-28 12:24:57,805 - src.models.dl_models - INFO - Samples: Train=33,255, Test=1,338
2026-04-28 12:24:58,064 - src.models.dl_models - INFO - Using device: cuda
2026-04-28 12:24:58,110 - src.models.dl_models - INFO - Model parameters: 847,617
2026-04-28 12:25:31,032 - src.models.dl_models - INFO - DL early stop at epoch 16, best val loss 1.335808
2026-04-28 12:25:31,075 - src.models.dl_models - INFO - LSTM Test MAPE=441.28% WAPE=70.25%
2026-04-28 12:25:31,083 - __main__ - INFO - [LSTM] Test WAPE=70.25%
2026-04-28 12:25:31,134 - src.models.dl_models - INFO - Training TRANSFORMER (seq_length=12)
2026-04-28 12:25:35,852 - src.models.dl_models - INFO - Samples: Train=33,255, Test=1,338
2026-04-28 12:25:36,035 - src.models.dl_models - INFO - Using device: cuda
2026-04-28 12:25:36,140 - src.models.dl_models - INFO - Model parameters: 276,481
2026-04-28 12:26:04,560 - src.models.dl_models - INFO - DL early stop at epoch 16, best val loss 1.264141
2026-04-28 12:26:04,571 - src.models.dl_models - INFO - TRANSFORMER Test MAPE=121.11% WAPE=66.62%
2026-04-28 12:26:04,581 - __main__ - INFO - [Transformer] Test WAPE=66.62%
2026-04-28 12:26:04,581 - src.models.ensemble - INFO - Fusion results: avg=25.16%, weighted=28.37%, median=25.20%, trimmed=25.10%
2026-04-28 12:26:04,581 - __main__ - INFO - Saved results: output\results_high.csv
2026-04-28 12:26:05,248 - src.visualization - INFO - Saved plot: output\model_comparison_high.png
2026-04-28 12:26:05,284 - __main__ - INFO - 
HIGH Group Results:
2026-04-28 12:26:05,293 - __main__ - INFO -   mape  wape      rmse       mae   r2             model  improvement_vs_baseline
 79.21 25.06 155967.13  98528.05 0.84      RandomForest                    51.91
 25.10 25.10       NaN       NaN  NaN  Ensemble_Trimmed                    51.83
 25.16 25.16       NaN       NaN  NaN      Ensemble_Avg                    51.72
 25.20 25.20       NaN       NaN  NaN   Ensemble_Median                    51.64
119.05 25.47 156718.95 100145.60 0.84              GBDT                    51.12
116.76 25.49 157157.02 100197.24 0.84          LightGBM                    51.09
114.70 25.88 158222.25 101753.13 0.83           XGBoost                    50.33
 28.37 28.37       NaN       NaN  NaN Ensemble_Weighted                    45.55
 90.64 29.34 177657.39 115341.34 0.79             Ridge                    43.70
 61.93 61.93       NaN       NaN  NaN           Prophet                   -18.83
 66.62 66.62       NaN       NaN  NaN       Transformer                   -27.85
 70.25 70.25       NaN       NaN  NaN              LSTM                   -34.82
2026-04-28 12:26:09,715 - __main__ - INFO - ========== Group: medium ==========
2026-04-28 12:26:13,874 - __main__ - INFO - Features: 32
2026-04-28 12:26:17,016 - src.evaluation - INFO - Baseline: mean=85.23%, seasonal_naive=72.82%, best=72.82%
2026-04-28 12:26:17,016 - __main__ - INFO - [RandomForest] Tuning on strict train/val...
2026-04-28 12:31:09,177 - __main__ - INFO - [RandomForest] Best val WAPE=45.12%, params={'n_estimators': 200, 'max_depth': 14, 'min_samples_split': 13, 'min_samples_leaf': 10, 'max_features': 0.315055717640765}
2026-04-28 12:31:15,207 - __main__ - INFO - [RandomForest] Test WAPE=30.58%
2026-04-28 12:31:15,924 - src.visualization - INFO - Saved plot: output\feature_importance_medium_RandomForest.png
2026-04-28 12:31:15,924 - __main__ - INFO - [GBDT] Tuning on strict train/val...
2026-04-28 13:39:52,940 - __main__ - INFO - [GBDT] Best val WAPE=42.92%, params={'n_estimators': 450, 'learning_rate': 0.06769659962777148, 'max_depth': 7, 'min_samples_split': 12, 'min_samples_leaf': 8, 'subsample': 0.774713605111249}
2026-04-28 13:43:17,793 - __main__ - INFO - [GBDT] Test WAPE=30.31%
2026-04-28 13:43:18,210 - src.visualization - INFO - Saved plot: output\feature_importance_medium_GBDT.png
2026-04-28 13:43:18,211 - __main__ - INFO - [LightGBM] Tuning on strict train/val...
2026-04-28 13:43:43,861 - __main__ - INFO - [LightGBM] Best val WAPE=39.63%, params={'n_estimators': 350, 'learning_rate': 0.06249978122304181, 'num_leaves': 26, 'max_depth': 11, 'min_child_samples': 50, 'subsample': 0.7769551007976021, 'colsample_bytree': 0.99419460466932, 'reg_alpha': 2.717474257457124e-05, 'reg_lambda': 0.062352924376888545, 'min_split_gain': 0.49942358486349764}
2026-04-28 13:43:44,499 - __main__ - INFO - [LightGBM] Test WAPE=30.93%
2026-04-28 13:43:44,819 - src.visualization - INFO - Saved plot: output\feature_importance_medium_LightGBM.png
2026-04-28 13:43:44,819 - __main__ - INFO - [XGBoost] Tuning on strict train/val...
2026-04-28 13:44:34,835 - __main__ - INFO - [XGBoost] Best val WAPE=41.00%, params={'n_estimators': 700, 'learning_rate': 0.05932821207946618, 'max_depth': 6, 'min_child_weight': 5, 'subsample': 0.8557258375374489, 'colsample_bytree': 0.7676025679075874, 'gamma': 0.24235805311769765, 'reg_alpha': 8.891402089992802e-05, 'reg_lambda': 1.547086136497956e-07}
2026-04-28 13:44:36,571 - __main__ - INFO - [XGBoost] Test WAPE=30.27%
2026-04-28 13:44:36,898 - src.visualization - INFO - Saved plot: output\feature_importance_medium_XGBoost.png
2026-04-28 13:44:36,968 - __main__ - INFO - [Ridge] Test WAPE=36.03%
2026-04-28 13:44:37,096 - prophet - INFO - n_changepoints greater than number of observations. Using 22.
2026-04-28 13:44:37,101 - cmdstanpy - INFO - Chain [1] start processing
2026-04-28 13:44:37,318 - cmdstanpy - INFO - Chain [1] done processing
2026-04-28 13:44:37,436 - prophet - INFO - n_changepoints greater than number of observations. Using 19.
2026-04-28 13:44:37,447 - cmdstanpy - INFO - Chain [1] start processing
2026-04-28 13:44:37,579 - cmdstanpy - INFO - Chain [1] done processing
2026-04-28 13:44:37,686 - prophet - INFO - n_changepoints greater than number of observations. Using 21.
2026-04-28 13:44:37,691 - cmdstanpy - INFO - Chain [1] start processing
2026-04-28 13:44:37,832 - cmdstanpy - INFO - Chain [1] done processing
2026-04-28 13:44:37,935 - prophet - INFO - n_changepoints greater than number of observations. Using 21.
2026-04-28 13:44:37,945 - cmdstanpy - INFO - Chain [1] start processing
2026-04-28 13:44:38,031 - cmdstanpy - INFO - Chain [1] done processing
2026-04-28 13:44:38,170 - prophet - INFO - n_changepoints greater than number of observations. Using 19.
2026-04-28 13:44:38,182 - cmdstanpy - INFO - Chain [1] start processing
2026-04-28 13:44:38,303 - cmdstanpy - INFO - Chain [1] done processing
2026-04-28 13:44:38,418 - cmdstanpy - INFO - Chain [1] start processing
2026-04-28 13:44:38,535 - cmdstanpy - INFO - Chain [1] done processing
2026-04-28 13:44:38,656 - cmdstanpy - INFO - Chain [1] start processing
2026-04-28 13:44:38,797 - cmdstanpy - INFO - Chain [1] done processing
2026-04-28 13:44:38,912 - prophet - INFO - n_changepoints greater than number of observations. Using 23.
2026-04-28 13:44:38,917 - cmdstanpy - INFO - Chain [1] start processing
2026-04-28 13:44:39,016 - cmdstanpy - INFO - Chain [1] done processing
2026-04-28 13:44:39,133 - prophet - INFO - n_changepoints greater than number of observations. Using 24.
2026-04-28 13:44:39,140 - cmdstanpy - INFO - Chain [1] start processing
2026-04-28 13:44:39,284 - cmdstanpy - INFO - Chain [1] done processing
2026-04-28 13:44:39,410 - cmdstanpy - INFO - Chain [1] start processing
2026-04-28 13:44:39,618 - cmdstanpy - INFO - Chain [1] done processing
2026-04-28 13:44:39,753 - cmdstanpy - INFO - Chain [1] start processing
2026-04-28 13:44:39,877 - cmdstanpy - INFO - Chain [1] done processing
2026-04-28 13:44:39,987 - prophet - INFO - n_changepoints greater than number of observations. Using 23.
2026-04-28 13:44:39,995 - cmdstanpy - INFO - Chain [1] start processing
2026-04-28 13:44:40,073 - cmdstanpy - INFO - Chain [1] done processing
2026-04-28 13:44:40,173 - prophet - INFO - n_changepoints greater than number of observations. Using 15.
2026-04-28 13:44:40,184 - cmdstanpy - INFO - Chain [1] start processing
2026-04-28 13:44:40,521 - cmdstanpy - INFO - Chain [1] done processing
2026-04-28 13:44:40,645 - cmdstanpy - INFO - Chain [1] start processing
2026-04-28 13:44:40,837 - cmdstanpy - INFO - Chain [1] done processing
2026-04-28 13:44:40,959 - prophet - INFO - n_changepoints greater than number of observations. Using 21.
2026-04-28 13:44:40,969 - cmdstanpy - INFO - Chain [1] start processing
2026-04-28 13:44:41,054 - cmdstanpy - INFO - Chain [1] done processing
2026-04-28 13:44:41,177 - cmdstanpy - INFO - Chain [1] start processing
2026-04-28 13:44:41,319 - cmdstanpy - INFO - Chain [1] done processing
2026-04-28 13:44:41,448 - prophet - INFO - n_changepoints greater than number of observations. Using 21.
2026-04-28 13:44:41,451 - cmdstanpy - INFO - Chain [1] start processing
2026-04-28 13:44:41,525 - cmdstanpy - INFO - Chain [1] done processing
2026-04-28 13:44:41,646 - prophet - INFO - n_changepoints greater than number of observations. Using 14.
2026-04-28 13:44:41,653 - cmdstanpy - INFO - Chain [1] start processing
2026-04-28 13:44:42,674 - cmdstanpy - INFO - Chain [1] done processing
2026-04-28 13:44:42,798 - cmdstanpy - INFO - Chain [1] start processing
2026-04-28 13:44:42,950 - cmdstanpy - INFO - Chain [1] done processing
2026-04-28 13:44:43,076 - prophet - INFO - n_changepoints greater than number of observations. Using 24.
2026-04-28 13:44:43,081 - cmdstanpy - INFO - Chain [1] start processing
2026-04-28 13:44:43,199 - cmdstanpy - INFO - Chain [1] done processing
2026-04-28 13:44:43,327 - cmdstanpy - INFO - Chain [1] start processing
2026-04-28 13:44:43,525 - cmdstanpy - INFO - Chain [1] done processing
2026-04-28 13:44:43,684 - cmdstanpy - INFO - Chain [1] start processing
2026-04-28 13:44:43,813 - cmdstanpy - INFO - Chain [1] done processing
2026-04-28 13:44:43,939 - cmdstanpy - INFO - Chain [1] start processing
2026-04-28 13:44:44,142 - cmdstanpy - INFO - Chain [1] done processing
2026-04-28 13:44:44,261 - cmdstanpy - INFO - Chain [1] start processing
2026-04-28 13:44:44,407 - cmdstanpy - INFO - Chain [1] done processing
2026-04-28 13:44:44,521 - cmdstanpy - INFO - Chain [1] start processing
2026-04-28 13:44:44,684 - cmdstanpy - INFO - Chain [1] done processing
2026-04-28 13:44:44,807 - cmdstanpy - INFO - Chain [1] start processing
2026-04-28 13:44:44,891 - cmdstanpy - INFO - Chain [1] done processing
2026-04-28 13:44:45,010 - cmdstanpy - INFO - Chain [1] start processing
2026-04-28 13:44:45,257 - cmdstanpy - INFO - Chain [1] done processing
2026-04-28 13:44:45,402 - cmdstanpy - INFO - Chain [1] start processing
2026-04-28 13:44:45,552 - cmdstanpy - INFO - Chain [1] done processing
2026-04-28 13:44:45,665 - cmdstanpy - INFO - Chain [1] start processing
2026-04-28 13:44:45,789 - cmdstanpy - INFO - Chain [1] done processing
2026-04-28 13:44:45,906 - prophet - INFO - n_changepoints greater than number of observations. Using 14.
2026-04-28 13:44:45,909 - cmdstanpy - INFO - Chain [1] start processing
2026-04-28 13:44:46,212 - cmdstanpy - INFO - Chain [1] done processing
2026-04-28 13:44:46,340 - cmdstanpy - INFO - Chain [1] start processing
2026-04-28 13:44:46,613 - cmdstanpy - INFO - Chain [1] done processing
2026-04-28 13:44:46,737 - cmdstanpy - INFO - Chain [1] start processing
2026-04-28 13:44:47,005 - cmdstanpy - INFO - Chain [1] done processing
2026-04-28 13:44:47,124 - cmdstanpy - INFO - Chain [1] start processing
2026-04-28 13:44:47,263 - cmdstanpy - INFO - Chain [1] done processing
2026-04-28 13:44:47,378 - cmdstanpy - INFO - Chain [1] start processing
2026-04-28 13:44:47,449 - cmdstanpy - INFO - Chain [1] done processing
2026-04-28 13:44:47,560 - cmdstanpy - INFO - Chain [1] start processing
2026-04-28 13:44:47,659 - cmdstanpy - INFO - Chain [1] done processing
2026-04-28 13:44:47,756 - prophet - INFO - n_changepoints greater than number of observations. Using 21.
2026-04-28 13:44:47,768 - cmdstanpy - INFO - Chain [1] start processing
2026-04-28 13:44:47,882 - cmdstanpy - INFO - Chain [1] done processing
2026-04-28 13:44:47,980 - prophet - INFO - n_changepoints greater than number of observations. Using 19.
2026-04-28 13:44:47,987 - cmdstanpy - INFO - Chain [1] start processing
2026-04-28 13:44:48,084 - cmdstanpy - INFO - Chain [1] done processing
2026-04-28 13:44:48,195 - cmdstanpy - INFO - Chain [1] start processing
2026-04-28 13:44:48,297 - cmdstanpy - INFO - Chain [1] done processing
2026-04-28 13:44:48,422 - cmdstanpy - INFO - Chain [1] start processing
2026-04-28 13:44:48,561 - cmdstanpy - INFO - Chain [1] done processing
2026-04-28 13:44:48,687 - cmdstanpy - INFO - Chain [1] start processing
2026-04-28 13:44:48,811 - cmdstanpy - INFO - Chain [1] done processing
2026-04-28 13:44:48,924 - cmdstanpy - INFO - Chain [1] start processing
2026-04-28 13:44:49,067 - cmdstanpy - INFO - Chain [1] done processing
2026-04-28 13:44:49,177 - prophet - INFO - n_changepoints greater than number of observations. Using 22.
2026-04-28 13:44:49,182 - cmdstanpy - INFO - Chain [1] start processing
2026-04-28 13:44:49,279 - cmdstanpy - INFO - Chain [1] done processing
2026-04-28 13:44:49,406 - cmdstanpy - INFO - Chain [1] start processing
2026-04-28 13:44:49,547 - cmdstanpy - INFO - Chain [1] done processing
2026-04-28 13:44:49,653 - prophet - INFO - n_changepoints greater than number of observations. Using 22.
2026-04-28 13:44:49,658 - cmdstanpy - INFO - Chain [1] start processing
2026-04-28 13:44:49,763 - cmdstanpy - INFO - Chain [1] done processing
2026-04-28 13:44:49,870 - prophet - INFO - n_changepoints greater than number of observations. Using 20.
2026-04-28 13:44:49,875 - cmdstanpy - INFO - Chain [1] start processing
2026-04-28 13:44:49,978 - cmdstanpy - INFO - Chain [1] done processing
2026-04-28 13:44:50,087 - cmdstanpy - INFO - Chain [1] start processing
2026-04-28 13:44:50,187 - cmdstanpy - INFO - Chain [1] done processing
2026-04-28 13:44:50,307 - prophet - INFO - n_changepoints greater than number of observations. Using 21.
2026-04-28 13:44:50,317 - cmdstanpy - INFO - Chain [1] start processing
2026-04-28 13:44:50,379 - cmdstanpy - INFO - Chain [1] done processing
2026-04-28 13:44:50,499 - cmdstanpy - INFO - Chain [1] start processing
2026-04-28 13:44:50,591 - cmdstanpy - INFO - Chain [1] done processing
2026-04-28 13:44:50,701 - cmdstanpy - INFO - Chain [1] start processing
2026-04-28 13:44:50,902 - cmdstanpy - INFO - Chain [1] done processing
2026-04-28 13:44:51,025 - cmdstanpy - INFO - Chain [1] start processing
2026-04-28 13:44:51,151 - cmdstanpy - INFO - Chain [1] done processing
2026-04-28 13:44:51,194 - __main__ - INFO - [Prophet] Test WAPE=74.20%
2026-04-28 13:44:52,052 - src.models.dl_models - INFO - Training LSTM (seq_length=12)
2026-04-28 13:44:57,486 - src.models.dl_models - INFO - Samples: Train=81,052, Test=5,823
2026-04-28 13:44:57,781 - src.models.dl_models - INFO - Using device: cuda
2026-04-28 13:44:57,786 - src.models.dl_models - INFO - Model parameters: 847,617
2026-04-28 13:45:44,552 - src.models.dl_models - INFO - DL early stop at epoch 16, best val loss 1.417875
2026-04-28 13:45:44,666 - src.models.dl_models - INFO - LSTM Test MAPE=1277674387406848000.00% WAPE=84.86%
2026-04-28 13:45:44,674 - __main__ - INFO - [LSTM] Test WAPE=84.86%
2026-04-28 13:45:44,701 - src.models.dl_models - INFO - Training TRANSFORMER (seq_length=12)
2026-04-28 13:45:49,896 - src.models.dl_models - INFO - Samples: Train=81,052, Test=5,823
2026-04-28 13:45:50,179 - src.models.dl_models - INFO - Using device: cuda
2026-04-28 13:45:50,189 - src.models.dl_models - INFO - Model parameters: 276,481
2026-04-28 13:46:34,161 - src.models.dl_models - INFO - DL early stop at epoch 16, best val loss 1.492226
2026-04-28 13:46:34,195 - src.models.dl_models - INFO - TRANSFORMER Test MAPE=4417159115571200000.00% WAPE=81.05%
2026-04-28 13:46:34,200 - __main__ - INFO - [Transformer] Test WAPE=81.05%
2026-04-28 13:46:34,202 - src.models.ensemble - INFO - Fusion results: avg=29.55%, weighted=34.86%, median=29.78%, trimmed=29.51%
2026-04-28 13:46:34,209 - __main__ - INFO - Saved results: output\results_medium.csv
2026-04-28 13:46:34,626 - src.visualization - INFO - Saved plot: output\model_comparison_medium.png
2026-04-28 13:46:34,654 - __main__ - INFO - 
MEDIUM Group Results:
2026-04-28 13:46:34,658 - __main__ - INFO -         mape  wape      rmse      mae   r2             model  improvement_vs_baseline
2.951000e+01 29.51       NaN      NaN  NaN  Ensemble_Trimmed                    59.47
2.955000e+01 29.55       NaN      NaN  NaN      Ensemble_Avg                    59.42
2.978000e+01 29.78       NaN      NaN  NaN   Ensemble_Median                    59.11
1.758925e+19 30.27 133439.45 62066.83 0.86           XGBoost                    58.43
1.720727e+19 30.31 133456.03 62138.48 0.86              GBDT                    58.38
1.828762e+19 30.58 137085.73 62689.13 0.86      RandomForest                    58.02
1.804774e+19 30.93 137268.63 63419.59 0.86          LightGBM                    57.53
3.486000e+01 34.86       NaN      NaN  NaN Ensemble_Weighted                    52.13
1.267086e+19 36.03 148902.25 73875.45 0.83             Ridge                    50.52
7.420000e+01 74.20       NaN      NaN  NaN           Prophet                    -1.88
8.105000e+01 81.05       NaN      NaN  NaN       Transformer                   -11.29
8.486000e+01 84.86       NaN      NaN  NaN              LSTM                   -16.53
2026-04-28 13:46:42,010 - __main__ - INFO - ========== Group: low ==========
2026-04-28 13:46:46,288 - __main__ - INFO - Features: 32
2026-04-28 13:46:49,442 - src.evaluation - INFO - Baseline: mean=121.48%, seasonal_naive=96.45%, best=96.45%
2026-04-28 13:46:49,442 - __main__ - INFO - [RandomForest] Tuning on strict train/val...
2026-04-28 13:58:15,621 - __main__ - INFO - [RandomForest] Best val WAPE=57.12%, params={'n_estimators': 450, 'max_depth': 8, 'min_samples_split': 11, 'min_samples_leaf': 6, 'max_features': 0.3325152889039984}
2026-04-28 13:58:34,865 - __main__ - INFO - [RandomForest] Test WAPE=67.62%
2026-04-28 13:58:35,432 - src.visualization - INFO - Saved plot: output\feature_importance_low_RandomForest.png
2026-04-28 13:58:35,432 - __main__ - INFO - [GBDT] Tuning on strict train/val...
2026-04-28 15:56:48,936 - __main__ - INFO - ============================================================
2026-04-28 15:56:48,936 - __main__ - INFO - Stage 1: Data Processing
2026-04-28 15:56:48,936 - __main__ - INFO - ============================================================
2026-04-28 15:56:48,936 - src.data_processing - INFO - Step 0: Load raw data
2026-04-28 15:56:49,952 - src.data_processing - INFO - Step 1: Remove invalid date rows
2026-04-28 15:56:50,573 - src.data_processing - INFO - Step 2: Clamp negative RSV
2026-04-28 15:56:50,882 - src.data_processing - INFO - Step 3: Deduplicate daily
